[<IXIA>TIME:18:14:38]-info ----- TAG: port_create  -----
[<IXIA>TIME:18:22:00]-info args: -name i1_d1_1
[<IXIA>TIME:18:22:03]-info offline :i1_d1_1
[<IXIA>TIME:18:22:03]-info ----- TAG: port_create  -----
[<IXIA>TIME:18:22:03]-info args: -name i1_d2_1
[<IXIA>TIME:18:22:03]-info offline :i1_d2_1
[<IXIA>TIME:18:22:03]-info ----- TAG: device_create  -----
[<IXIA>TIME:18:22:03]-info args: -name i1p1_ka -port i1_d1_1 -obj_type device -args_value { -src_mac 00:10:94:00:00:01 }
[<IXIA>TIME:18:22:03]-info arg: -name i1p1_ka -port i1_d1_1 -obj_type device -args_value { -src_mac 00:10:94:00:00:01 }
[<IXIA>TIME:18:22:03]-info Succeed to create device object: ::IxiaFH::i1p1_ka under Port object: ::IxiaFH::i1_d1_1
[<IXIA>TIME:18:22:03]-info ----- TAG: device_config  -----
[<IXIA>TIME:18:22:03]-info args: {-name i1p1_ka -port i1_d1_1 -obj_type device -args_value { -src_mac 00:10:94:00:00:01 }}
[<IXIA>TIME:18:22:03]-info arg: -name i1p1_ka -port i1_d1_1 -obj_type device -args_value { -src_mac 00:10:94:00:00:01 }
[<IXIA>TIME:18:22:05]-info succeed to config device ::IxiaFH::i1p1_ka
[<IXIA>TIME:18:22:05]-info ----- TAG: device_create  -----
[<IXIA>TIME:18:22:05]-info args: -name i1p2_demk -port i1_d2_1 -obj_type device -args_value { -src_mac 00:10:94:00:00:02 }
[<IXIA>TIME:18:22:05]-info arg: -name i1p2_demk -port i1_d2_1 -obj_type device -args_value { -src_mac 00:10:94:00:00:02 }
[<IXIA>TIME:18:22:05]-info Succeed to create device object: ::IxiaFH::i1p2_demk under Port object: ::IxiaFH::i1_d2_1
[<IXIA>TIME:18:22:05]-info ----- TAG: device_config  -----
[<IXIA>TIME:18:22:05]-info args: {-name i1p2_demk -port i1_d2_1 -obj_type device -args_value { -src_mac 00:10:94:00:00:02 }}
[<IXIA>TIME:18:22:05]-info arg: -name i1p2_demk -port i1_d2_1 -obj_type device -args_value { -src_mac 00:10:94:00:00:02 }
[<IXIA>TIME:18:22:06]-info succeed to config device ::IxiaFH::i1p2_demk
[<IXIA>TIME:18:22:06]-info ----- TAG: device_create  -----
[<IXIA>TIME:18:22:06]-info args: -name i1p1_ka.ospfv2 -port i1_d1_1 -obj_type device.ospfv2 -instance_id 100
[<IXIA>TIME:18:22:06]-info arg: -name i1p1_ka.ospfv2 -port i1_d1_1 -obj_type device.ospfv2 -instance_id 100
