[<IXIA>TIME:22:44:34]-info ----- TAG: port_create  -----
[<IXIA>TIME:22:44:34]-info args: -name i1_d1_1 -port_location //10.210.100.12/5/1 -port_type EthernetFiber
[<IXIA>TIME:22:44:34]-info online: hw_id:10.210.100.12/5/1; portname: i1_d1_1; port_type: fiber 
[<IXIA>TIME:22:45:20]-info ----- TAG: port_create  -----
[<IXIA>TIME:22:45:20]-info args: -name i1_d2_1 -port_location //10.210.100.12/5/2 -port_type EthernetFiber
[<IXIA>TIME:22:45:20]-info online: hw_id:10.210.100.12/5/2; portname: i1_d2_1; port_type: fiber 
[<IXIA>TIME:22:46:12]-info ----- TAG: port_modify  -----
[<IXIA>TIME:22:46:12]-info args: -port i1_d1_1 -media fiber -speed 1g
[<IXIA>TIME:22:46:12]-info arg: -port i1_d1_1 -media fiber -speed 1g
[<IXIA>TIME:22:46:14]-info ::IxiaFH::i1_d1_1 config -media fiber -fhflag 1
[<IXIA>TIME:22:46:18]-info ::IxiaFH::i1_d1_1 config -speed 1G -fhflag 1
[<IXIA>TIME:22:46:25]-info ----- TAG: port_create  -----
[<IXIA>TIME:22:46:25]-info args: -name i1_d1_1 -port_location //10.210.100.12/5/1 -port_type EthernetFiber
[<IXIA>TIME:22:46:25]-info online: hw_id:10.210.100.12/5/1; portname: i1_d1_1; port_type: fiber 
[<IXIA>TIME:22:46:41]-info ----- TAG: port_modify  -----
[<IXIA>TIME:22:46:41]-info args: -port i1_d2_1 -media fiber -speed 1g
[<IXIA>TIME:22:46:41]-info arg: -port i1_d2_1 -media fiber -speed 1g
[<IXIA>TIME:22:46:43]-info ::IxiaFH::i1_d2_1 config -media fiber -fhflag 1
[<IXIA>TIME:22:46:47]-info ::IxiaFH::i1_d2_1 config -speed 1G -fhflag 1
[<IXIA>TIME:22:48:58]-info ----- TAG: device_create  -----
[<IXIA>TIME:22:48:58]-info args: -name i1p1_ka -port-obj_type device -args_value { -src_mac 00:10:94:00:00:01 }
[<IXIA>TIME:22:48:58]-info arg: -name i1p1_ka -port-obj_type device -args_value { -src_mac 00:10:94:00:00:01 }
[<IXIA>TIME:22:50:03]-info ----- TAG: device_create  -----
[<IXIA>TIME:22:50:03]-info args: -name i1p1_ka -port i1_d1_1 -obj_type device -args_value { -src_mac 00:10:94:00:00:01 }
[<IXIA>TIME:22:50:03]-info arg: -name i1p1_ka -port i1_d1_1 -obj_type device -args_value { -src_mac 00:10:94:00:00:01 }
[<IXIA>TIME:22:50:03]-info Succeed to create device object: ::IxiaFH::i1p1_ka under Port object: ::IxiaFH::i1_d1_1
[<IXIA>TIME:22:50:03]-info ----- TAG: device_config  -----
[<IXIA>TIME:22:50:03]-info args: {-name i1p1_ka -port i1_d1_1 -obj_type device -args_value { -src_mac 00:10:94:00:00:01 }}
[<IXIA>TIME:22:50:03]-info arg: -name i1p1_ka -port i1_d1_1 -obj_type device -args_value { -src_mac 00:10:94:00:00:01 }
[<IXIA>TIME:22:50:05]-info succeed to config device ::IxiaFH::i1p1_ka
[<IXIA>TIME:22:50:17]-info ----- TAG: device_create  -----
[<IXIA>TIME:22:50:17]-info args: -name i1p2_demk -port i1_d2_1 -obj_type device -args_value { -src_mac 00:10:94:00:00:02 }
[<IXIA>TIME:22:50:17]-info arg: -name i1p2_demk -port i1_d2_1 -obj_type device -args_value { -src_mac 00:10:94:00:00:02 }
[<IXIA>TIME:22:50:17]-info Succeed to create device object: ::IxiaFH::i1p2_demk under Port object: ::IxiaFH::i1_d2_1
[<IXIA>TIME:22:50:17]-info ----- TAG: device_config  -----
[<IXIA>TIME:22:50:17]-info args: {-name i1p2_demk -port i1_d2_1 -obj_type device -args_value { -src_mac 00:10:94:00:00:02 }}
[<IXIA>TIME:22:50:17]-info arg: -name i1p2_demk -port i1_d2_1 -obj_type device -args_value { -src_mac 00:10:94:00:00:02 }
[<IXIA>TIME:22:50:18]-info succeed to config device ::IxiaFH::i1p2_demk
[<IXIA>TIME:22:52:04]-info ----- TAG: traffic_create  -----
[<IXIA>TIME:22:52:04]-info args: -name i1p1_s -port i1_d1_1 -srcbinding i1p1_ka -dstbinding i1p2_demk -framesize_fix 1000 -load_mode fixed -load_unit fps -load 1000
[<IXIA>TIME:22:52:04]-info arg: -name i1p1_s -port i1_d1_1 -srcbinding i1p1_ka -dstbinding i1p2_demk -framesize_fix 1000 -load_mode fixed -load_unit fps -load 1000
[<IXIA>TIME:22:52:04]-info Succeed to create traffic ::IxiaFH::i1p1_s
[<IXIA>TIME:22:52:04]-info ----- TAG: traffic_config  -----
[<IXIA>TIME:22:52:04]-info args: -name i1p1_s -port i1_d1_1 -srcbinding i1p1_ka -dstbinding i1p2_demk -framesize_fix 1000 -load_mode fixed -load_unit fps -load 1000
[<IXIA>TIME:22:52:04]-info arg: -name i1p1_s -port i1_d1_1 -srcbinding i1p1_ka -dstbinding i1p2_demk -framesize_fix 1000 -load_mode fixed -load_unit fps -load 1000
[<IXIA>TIME:23:23:41]-info ----- TAG: port_create  -----
[<IXIA>TIME:23:23:41]-info args: -name i1_d1_1 -port_location //10.210.100.12/5/1 -port_type EthernetFiber
[<IXIA>TIME:23:23:41]-info online: hw_id:10.210.100.12/5/1; portname: i1_d1_1; port_type: fiber 
